TN:
SF:src\models\Cart.ts
FN:9,(anonymous_0)
FN:12,(anonymous_1)
FN:16,(anonymous_2)
FN:20,(anonymous_3)
FN:21,(anonymous_4)
FN:24,(anonymous_5)
FN:29,(anonymous_6)
FN:30,(anonymous_7)
FNF:8
FNH:8
FNDA:6,(anonymous_0)
FNDA:11,(anonymous_1)
FNDA:4,(anonymous_2)
FNDA:2,(anonymous_3)
FNDA:4,(anonymous_4)
FNDA:1,(anonymous_5)
FNDA:2,(anonymous_6)
FNDA:6,(anonymous_7)
DA:9,1
DA:10,6
DA:13,11
DA:17,4
DA:21,4
DA:25,1
DA:26,1
DA:30,6
LF:8
LH:8
BRF:0
BRH:0
end_of_record
TN:
SF:src\models\Movie.ts
FN:2,(anonymous_0)
FNF:1
FNH:1
FNDA:1,(anonymous_0)
DA:1,1
DA:3,1
DA:4,1
DA:5,1
DA:6,1
DA:7,1
DA:8,1
DA:9,1
LF:8
LH:8
BRF:0
BRH:0
end_of_record
